2025-07-28 09:21:49,089:WARNING:
'cuml' is a soft dependency and not included in the pycaret installation. Please run: `pip install cuml` to install.
2025-07-28 09:21:49,089:WARNING:
'cuml' is a soft dependency and not included in the pycaret installation. Please run: `pip install cuml` to install.
2025-07-28 09:21:49,089:WARNING:
'cuml' is a soft dependency and not included in the pycaret installation. Please run: `pip install cuml` to install.
2025-07-28 09:21:49,089:WARNING:
'cuml' is a soft dependency and not included in the pycaret installation. Please run: `pip install cuml` to install.
2025-07-28 09:21:49,966:INFO:Initializing load_model()
2025-07-28 09:21:49,966:INFO:load_model(model_name=tuned_rf_diabetes, platform=None, authentication=None, verbose=True)
2025-07-28 09:21:50,054:WARNING:C:\Users\kkova\anaconda3\envs\Diabetes\Lib\site-packages\pycaret\internal\pipeline.py:148: UserWarning: Version mismatch:
current: {'deps_info': {'pip': '25.1', 'setuptools': '72.1.0', 'pycaret': '3.3.2', 'IPython': '9.1.0', 'ipywidgets': '8.1.7', 'tqdm': '4.67.1', 'numpy': '1.26.4', 'pandas': '2.1.4', 'jinja2': '3.1.6', 'scipy': '1.11.4', 'joblib': '1.3.2', 'sklearn': '1.4.2', 'pyod': '2.0.5', 'imblearn': '0.13.0', 'category_encoders': '2.7.0', 'lightgbm': '4.6.0', 'numba': '0.61.2', 'requests': '2.32.3', 'matplotlib': '3.7.5', 'scikitplot': '0.3.7', 'yellowbrick': '1.5', 'plotly': '5.24.1', 'plotly-resampler': 'Not installed', 'kaleido': '1.0.0', 'schemdraw': '0.15', 'statsmodels': '0.14.5', 'sktime': '0.26.0', 'tbats': '1.1.3', 'pmdarima': '2.0.4', 'psutil': '5.9.0', 'markupsafe': '3.0.2', 'pickle5': 'Not installed', 'cloudpickle': '3.1.1', 'deprecation': '2.1.0', 'xxhash': '3.5.0', 'wurlitzer': 'Not installed'}, 'python': {'version': '3.11.11', 'machine': 'AMD64'}}
pickle: {'deps_info': {'pip': '25.1', 'setuptools': '78.1.1', 'pycaret': '3.3.2', 'IPython': '8.37.0', 'ipywidgets': '8.1.7', 'tqdm': '4.67.1', 'numpy': '1.26.4', 'pandas': '2.1.4', 'jinja2': '3.1.6', 'scipy': '1.11.4', 'joblib': '1.3.2', 'sklearn': '1.4.2', 'pyod': '2.0.5', 'imblearn': '0.13.0', 'category_encoders': '2.7.0', 'lightgbm': '4.6.0', 'numba': '0.61.2', 'requests': '2.32.4', 'matplotlib': '3.7.5', 'scikitplot': '0.3.7', 'yellowbrick': '1.5', 'plotly': '5.24.1', 'plotly-resampler': 'Not installed', 'kaleido': '1.0.0', 'schemdraw': '0.15', 'statsmodels': '0.14.5', 'sktime': '0.26.0', 'tbats': '1.1.3', 'pmdarima': '2.0.4', 'psutil': '7.0.0', 'markupsafe': '3.0.2', 'pickle5': 'Not installed', 'cloudpickle': '3.1.1', 'deprecation': '2.1.0', 'xxhash': '3.5.0', 'wurlitzer': 'Not installed'}, 'python': {'version': '3.10.18', 'machine': 'AMD64'}}
  warnings.warn(

2025-07-28 09:22:33,418:INFO:Initializing load_model()
2025-07-28 09:22:33,418:INFO:load_model(model_name=tuned_rf_diabetes, platform=None, authentication=None, verbose=True)
2025-07-28 09:23:26,838:INFO:Initializing load_model()
2025-07-28 09:23:26,839:INFO:load_model(model_name=tuned_rf_diabetes, platform=None, authentication=None, verbose=True)
2025-07-28 09:23:47,047:INFO:Initializing load_model()
2025-07-28 09:23:47,047:INFO:load_model(model_name=tuned_rf_diabetes, platform=None, authentication=None, verbose=True)
2025-07-28 09:24:06,299:INFO:Initializing load_model()
2025-07-28 09:24:06,299:INFO:load_model(model_name=tuned_rf_diabetes, platform=None, authentication=None, verbose=True)
2025-07-28 09:24:08,120:INFO:Initializing load_model()
2025-07-28 09:24:08,120:INFO:load_model(model_name=tuned_rf_diabetes, platform=None, authentication=None, verbose=True)
2025-07-28 09:24:17,412:INFO:Initializing load_model()
2025-07-28 09:24:17,414:INFO:load_model(model_name=tuned_rf_diabetes, platform=None, authentication=None, verbose=True)
2025-07-28 09:24:24,032:INFO:Initializing load_model()
2025-07-28 09:24:24,032:INFO:load_model(model_name=tuned_rf_diabetes, platform=None, authentication=None, verbose=True)
2025-07-28 09:24:30,078:INFO:Initializing load_model()
2025-07-28 09:24:30,079:INFO:load_model(model_name=tuned_rf_diabetes, platform=None, authentication=None, verbose=True)
2025-07-28 09:24:37,271:INFO:Initializing load_model()
2025-07-28 09:24:37,271:INFO:load_model(model_name=tuned_rf_diabetes, platform=None, authentication=None, verbose=True)
2025-07-28 09:24:41,225:INFO:Initializing load_model()
2025-07-28 09:24:41,226:INFO:load_model(model_name=tuned_rf_diabetes, platform=None, authentication=None, verbose=True)
2025-07-28 09:25:05,462:INFO:Initializing load_model()
2025-07-28 09:25:05,462:INFO:load_model(model_name=tuned_rf_diabetes, platform=None, authentication=None, verbose=True)
2025-07-28 09:25:07,780:INFO:Initializing load_model()
2025-07-28 09:25:07,780:INFO:load_model(model_name=tuned_rf_diabetes, platform=None, authentication=None, verbose=True)
2025-07-28 09:25:07,952:INFO:Initializing load_model()
2025-07-28 09:25:07,952:INFO:load_model(model_name=tuned_rf_diabetes, platform=None, authentication=None, verbose=True)
2025-07-28 09:25:08,009:INFO:Initializing predict_model()
2025-07-28 09:25:08,010:INFO:predict_model(self=<pycaret.classification.oop.ClassificationExperiment object at 0x0000028745F752D0>, estimator=Pipeline(memory=Memory(location=None),
         steps=[('numerical_imputer',
                 TransformerWrapper(include=['Pregnancies', 'Glucose',
                                             'BloodPressure', 'SkinThickness',
                                             'Insulin', 'BMI',
                                             'DiabetesPedigreeFunction',
                                             'Age'],
                                    transformer=SimpleImputer())),
                ('categorical_imputer',
                 TransformerWrapper(include=[],
                                    transformer=SimpleImputer(strategy='most_frequent'))),
                ('trained_model',
                 RandomForestClassifier(bootstrap=False, class_weight={},
                                        criterion='entropy', max_depth=5,
                                        max_features=1.0,
                                        min_impurity_decrease=0.0002,
                                        min_samples_leaf=5,
                                        min_samples_split=10, n_estimators=150,
                                        n_jobs=-1, random_state=123))]), probability_threshold=None, encoded_labels=False, raw_score=False, round=4, verbose=True, ml_usecase=None, preprocess=True, encode_labels=<function _SupervisedExperiment.predict_model.<locals>.encode_labels at 0x0000028747362520>)
2025-07-28 09:25:08,010:INFO:Checking exceptions
2025-07-28 09:25:08,010:INFO:Preloading libraries
2025-07-28 09:25:08,010:INFO:Set up data.
2025-07-28 09:25:08,017:INFO:Set up index.
